2025-10-25 03:45:15 - GrangerCausality - INFO - ================================================================================
2025-10-25 03:45:15 - GrangerCausality - INFO - Granger Causality Analysis - Session Started
2025-10-25 03:45:15 - GrangerCausality - INFO - ================================================================================
2025-10-25 03:45:15 - GrangerCausality - INFO - Environment setup complete
2025-10-25 03:45:15 - GrangerCausality - INFO - Loaded 103 participants from /home/alookaladdoo/DPCN-Project/Dataset/participants.tsv
2025-10-25 03:45:15 - GrangerCausality - INFO -   Sex M: 62 subjects
2025-10-25 03:45:15 - GrangerCausality - INFO -   Sex F: 41 subjects
2025-10-25 03:45:15 - GrangerCausality - INFO - Starting dataset scan...
2025-10-25 03:45:15 - GrangerCausality - INFO - Dataset scan complete. Found 130 sessions across 103 subjects
2025-10-25 03:45:16 - GrangerCausality - INFO - 81 subjects with 1 session(s)
2025-10-25 03:45:16 - GrangerCausality - INFO - 18 subjects with 2 session(s)
2025-10-25 03:45:16 - GrangerCausality - INFO - 3 subjects with 3 session(s)
2025-10-25 03:45:16 - GrangerCausality - INFO - 1 subjects with 4 session(s)
2025-10-25 03:45:16 - GrangerCausality - INFO - Age statistics: mean=5.36, median=4.79, range=[0.26, 12.56]
2025-10-25 03:45:18 - GrangerCausality - INFO - Saved dataset overview plot to /home/alookaladdoo/DPCN-Project/results/quality_control/dataset_overview.png
2025-10-25 03:45:18 - GrangerCausality - INFO - Saved inventory DataFrame to /home/alookaladdoo/DPCN-Project/results/subject_session_inventory.csv
2025-10-25 03:45:18 - GrangerCausality - INFO - Saved summary statistics to /home/alookaladdoo/DPCN-Project/results/data_summary_statistics.txt
2025-10-25 03:45:18 - GrangerCausality - INFO - Loading EEG data: /home/alookaladdoo/DPCN-Project/Dataset/sub-NORB00001/ses-1/eeg/sub-NORB00001_ses-1_task-EEG_eeg.edf
2025-10-25 03:45:18 - GrangerCausality - INFO - Successfully loaded sub-NORB00001/ses-1: 142800 samples, 21 channels, 200.0 Hz
2025-10-25 03:45:18 - GrangerCausality - INFO - sub-NORB00001/ses-1: Validation passed all checks
2025-10-25 03:45:19 - GrangerCausality - WARNING - Error loading events/annotations for sub-NORB00001/ses-1: 'trial_type'
2025-10-25 03:45:19 - GrangerCausality - INFO - Loading EEG data: /home/alookaladdoo/DPCN-Project/Dataset/sub-NORB00002/ses-1/eeg/sub-NORB00002_ses-1_task-EEG_eeg.edf
2025-10-25 03:45:19 - GrangerCausality - INFO - Successfully loaded sub-NORB00002/ses-1: 105600 samples, 19 channels, 200.0 Hz
2025-10-25 03:45:19 - GrangerCausality - INFO - sub-NORB00002/ses-1: Bad channel detected: CZ (z=7.94)
2025-10-25 03:45:19 - GrangerCausality - INFO - sub-NORB00002/ses-1: Validation complete with 1 warnings
2025-10-25 03:45:19 - GrangerCausality - WARNING - Error loading events/annotations for sub-NORB00002/ses-1: 'trial_type'
2025-10-25 03:45:19 - GrangerCausality - INFO - Loading EEG data: /home/alookaladdoo/DPCN-Project/Dataset/sub-NORB00003/ses-1/eeg/sub-NORB00003_ses-1_task-EEG_eeg.edf
2025-10-25 03:45:19 - GrangerCausality - INFO - Successfully loaded sub-NORB00003/ses-1: 356800 samples, 19 channels, 200.0 Hz
2025-10-25 03:45:19 - GrangerCausality - INFO - sub-NORB00003/ses-1: Validation passed all checks
2025-10-25 03:45:19 - GrangerCausality - WARNING - Error loading events/annotations for sub-NORB00003/ses-1: 'trial_type'
2025-10-25 03:45:20 - GrangerCausality - INFO - Saved raw EEG plot to /home/alookaladdoo/DPCN-Project/results/quality_control/raw_eeg_sub-NORB00001_ses-1.png
2025-10-25 03:45:20 - GrangerCausality - INFO - Saved quality report to /home/alookaladdoo/DPCN-Project/results/quality_control/sample_data_quality_report.txt
